The system is: Linux - 4.4.0-59-generic - x86_64
Compiling the C compiler identification source file "CMakeCCompilerId.c" succeeded.
Compiler: /usr/bin/cc 
Build flags: 
Id flags:  

The output was:
0


Compilation of the C compiler identification source "CMakeCCompilerId.c" produced "a.out"

The C compiler identification is GNU, found in "/home/y/opencvStudy/cmake-build-debug/CMakeFiles/3.8.2/CompilerIdC/a.out"

Compiling the CXX compiler identification source file "CMakeCXXCompilerId.cpp" succeeded.
Compiler: /usr/bin/c++ 
Build flags: 
Id flags:  

The output was:
0


Compilation of the CXX compiler identification source "CMakeCXXCompilerId.cpp" produced "a.out"

The CXX compiler identification is GNU, found in "/home/y/opencvStudy/cmake-build-debug/CMakeFiles/3.8.2/CompilerIdCXX/a.out"

Determining if the C compiler works passed with the following output:
Change Dir: /home/y/opencvStudy/cmake-build-debug/CMakeFiles/CMakeTmp

Run Build Command:"/usr/bin/make" "cmTC_553c2/fast"
/usr/bin/make -f CMakeFiles/cmTC_553c2.dir/build.make CMakeFiles/cmTC_553c2.dir/build
make[1]: Entering directory '/home/y/opencvStudy/cmake-build-debug/CMakeFiles/CMakeTmp'
Building C object CMakeFiles/cmTC_553c2.dir/testCCompiler.c.o
/usr/bin/cc    -o CMakeFiles/cmTC_553c2.dir/testCCompiler.c.o   -c /home/y/opencvStudy/cmake-build-debug/CMakeFiles/CMakeTmp/testCCompiler.c
Linking C executable cmTC_553c2
/home/y/Downloads/clion-2017.2/bin/cmake/bin/cmake -E cmake_link_script CMakeFiles/cmTC_553c2.dir/link.txt --verbose=1
/usr/bin/cc      -rdynamic CMakeFiles/cmTC_553c2.dir/testCCompiler.c.o  -o cmTC_553c2 
make[1]: Leaving directory '/home/y/opencvStudy/cmake-build-debug/CMakeFiles/CMakeTmp'


Detecting C compiler ABI info compiled with the following output:
Change Dir: /home/y/opencvStudy/cmake-build-debug/CMakeFiles/CMakeTmp

Run Build Command:"/usr/bin/make" "cmTC_8f962/fast"
/usr/bin/make -f CMakeFiles/cmTC_8f962.dir/build.make CMakeFiles/cmTC_8f962.dir/build
make[1]: Entering directory '/home/y/opencvStudy/cmake-build-debug/CMakeFiles/CMakeTmp'
Building C object CMakeFiles/cmTC_8f962.dir/CMakeCCompilerABI.c.o
/usr/bin/cc    -o CMakeFiles/cmTC_8f962.dir/CMakeCCompilerABI.c.o   -c /home/y/Downloads/clion-2017.2/bin/cmake/share/cmake-3.8/Modules/CMakeCCompilerABI.c
Linking C executable cmTC_8f962
/home/y/Downloads/clion-2017.2/bin/cmake/bin/cmake -E cmake_link_script CMakeFiles/cmTC_8f962.dir/link.txt --verbose=1
/usr/bin/cc     -v -rdynamic CMakeFiles/cmTC_8f962.dir/CMakeCCompilerABI.c.o  -o cmTC_8f962 
Using built-in specs.
COLLECT_GCC=/usr/bin/cc
COLLECT_LTO_WRAPPER=/usr/lib/gcc/x86_64-linux-gnu/5/lto-wrapper
Target: x86_64-linux-gnu
Configured with: ../src/configure -v --with-pkgversion='Ubuntu 5.4.0-6ubuntu1~16.04.4' --with-bugurl=file:///usr/share/doc/gcc-5/README.Bugs --enable-languages=c,ada,c++,java,go,d,fortran,objc,obj-c++ --prefix=/usr --program-suffix=-5 --enable-shared --enable-linker-build-id --libexecdir=/usr/lib --without-included-gettext --enable-threads=posix --libdir=/usr/lib --enable-nls --with-sysroot=/ --enable-clocale=gnu --enable-libstdcxx-debug --enable-libstdcxx-time=yes --with-default-libstdcxx-abi=new --enable-gnu-unique-object --disable-vtable-verify --enable-libmpx --enable-plugin --with-system-zlib --disable-browser-plugin --enable-java-awt=gtk --enable-gtk-cairo --with-java-home=/usr/lib/jvm/java-1.5.0-gcj-5-amd64/jre --enable-java-home --with-jvm-root-dir=/usr/lib/jvm/java-1.5.0-gcj-5-amd64 --with-jvm-jar-dir=/usr/lib/jvm-exports/java-1.5.0-gcj-5-amd64 --with-arch-directory=amd64 --with-ecj-jar=/usr/share/java/eclipse-ecj.jar --enable-objc-gc --enable-multiarch --disable-werror --with-arch-32=i686 --with-abi=m64 --with-multilib-list=m32,m64,mx32 --enable-multilib --with-tune=generic --enable-checking=release --build=x86_64-linux-gnu --host=x86_64-linux-gnu --target=x86_64-linux-gnu
Thread model: posix
gcc version 5.4.0 20160609 (Ubuntu 5.4.0-6ubuntu1~16.04.4) 
COMPILER_PATH=/usr/lib/gcc/x86_64-linux-gnu/5/:/usr/lib/gcc/x86_64-linux-gnu/5/:/usr/lib/gcc/x86_64-linux-gnu/:/usr/lib/gcc/x86_64-linux-gnu/5/:/usr/lib/gcc/x86_64-linux-gnu/
LIBRARY_PATH=/usr/lib/gcc/x86_64-linux-gnu/5/:/usr/lib/gcc/x86_64-linux-gnu/5/../../../x86_64-linux-gnu/:/usr/lib/gcc/x86_64-linux-gnu/5/../../../../lib/:/lib/x86_64-linux-gnu/:/lib/../lib/:/usr/lib/x86_64-linux-gnu/:/usr/lib/../lib/:/usr/lib/gcc/x86_64-linux-gnu/5/../../../:/lib/:/usr/lib/
COLLECT_GCC_OPTIONS='-v' '-rdynamic' '-o' 'cmTC_8f962' '-mtune=generic' '-march=x86-64'
 /usr/lib/gcc/x86_64-linux-gnu/5/collect2 -plugin /usr/lib/gcc/x86_64-linux-gnu/5/liblto_plugin.so -plugin-opt=/usr/lib/gcc/x86_64-linux-gnu/5/lto-wrapper -plugin-opt=-fresolution=/tmp/ccEIu30W.res -plugin-opt=-pass-through=-lgcc -plugin-opt=-pass-through=-lgcc_s -plugin-opt=-pass-through=-lc -plugin-opt=-pass-through=-lgcc -plugin-opt=-pass-through=-lgcc_s --sysroot=/ --build-id --eh-frame-hdr -m elf_x86_64 --hash-style=gnu --as-needed -export-dynamic -dynamic-linker /lib64/ld-linux-x86-64.so.2 -z relro -o cmTC_8f962 /usr/lib/gcc/x86_64-linux-gnu/5/../../../x86_64-linux-gnu/crt1.o /usr/lib/gcc/x86_64-linux-gnu/5/../../../x86_64-linux-gnu/crti.o /usr/lib/gcc/x86_64-linux-gnu/5/crtbegin.o -L/usr/lib/gcc/x86_64-linux-gnu/5 -L/usr/lib/gcc/x86_64-linux-gnu/5/../../../x86_64-linux-gnu -L/usr/lib/gcc/x86_64-linux-gnu/5/../../../../lib -L/lib/x86_64-linux-gnu -L/lib/../lib -L/usr/lib/x86_64-linux-gnu -L/usr/lib/../lib -L/usr/lib/gcc/x86_64-linux-gnu/5/../../.. CMakeFiles/cmTC_8f962.dir/CMakeCCompilerABI.c.o -lgcc --as-needed -lgcc_s --no-as-needed -lc -lgcc --as-needed -lgcc_s --no-as-needed /usr/lib/gcc/x86_64-linux-gnu/5/crtend.o /usr/lib/gcc/x86_64-linux-gnu/5/../../../x86_64-linux-gnu/crtn.o
make[1]: Leaving directory '/home/y/opencvStudy/cmake-build-debug/CMakeFiles/CMakeTmp'


Parsed C implicit link information from above output:
  link line regex: [^( *|.*[/\])(ld|([^/\]+-)?ld|collect2)[^/\]*( |$)]
  ignore line: [Change Dir: /home/y/opencvStudy/cmake-build-debug/CMakeFiles/CMakeTmp]
  ignore line: []
  ignore line: [Run Build Command:"/usr/bin/make" "cmTC_8f962/fast"]
  ignore line: [/usr/bin/make -f CMakeFiles/cmTC_8f962.dir/build.make CMakeFiles/cmTC_8f962.dir/build]
  ignore line: [make[1]: Entering directory '/home/y/opencvStudy/cmake-build-debug/CMakeFiles/CMakeTmp']
  ignore line: [Building C object CMakeFiles/cmTC_8f962.dir/CMakeCCompilerABI.c.o]
  ignore line: [/usr/bin/cc    -o CMakeFiles/cmTC_8f962.dir/CMakeCCompilerABI.c.o   -c /home/y/Downloads/clion-2017.2/bin/cmake/share/cmake-3.8/Modules/CMakeCCompilerABI.c]
  ignore line: [Linking C executable cmTC_8f962]
  ignore line: [/home/y/Downloads/clion-2017.2/bin/cmake/bin/cmake -E cmake_link_script CMakeFiles/cmTC_8f962.dir/link.txt --verbose=1]
  ignore line: [/usr/bin/cc     -v -rdynamic CMakeFiles/cmTC_8f962.dir/CMakeCCompilerABI.c.o  -o cmTC_8f962 ]
  ignore line: [Using built-in specs.]
  ignore line: [COLLECT_GCC=/usr/bin/cc]
  ignore line: [COLLECT_LTO_WRAPPER=/usr/lib/gcc/x86_64-linux-gnu/5/lto-wrapper]
  ignore line: [Target: x86_64-linux-gnu]
  ignore line: [Configured with: ../src/configure -v --with-pkgversion='Ubuntu 5.4.0-6ubuntu1~16.04.4' --with-bugurl=file:///usr/share/doc/gcc-5/README.Bugs --enable-languages=c,ada,c++,java,go,d,fortran,objc,obj-c++ --prefix=/usr --program-suffix=-5 --enable-shared --enable-linker-build-id --libexecdir=/usr/lib --without-included-gettext --enable-threads=posix --libdir=/usr/lib --enable-nls --with-sysroot=/ --enable-clocale=gnu --enable-libstdcxx-debug --enable-libstdcxx-time=yes --with-default-libstdcxx-abi=new --enable-gnu-unique-object --disable-vtable-verify --enable-libmpx --enable-plugin --with-system-zlib --disable-browser-plugin --enable-java-awt=gtk --enable-gtk-cairo --with-java-home=/usr/lib/jvm/java-1.5.0-gcj-5-amd64/jre --enable-java-home --with-jvm-root-dir=/usr/lib/jvm/java-1.5.0-gcj-5-amd64 --with-jvm-jar-dir=/usr/lib/jvm-exports/java-1.5.0-gcj-5-amd64 --with-arch-directory=amd64 --with-ecj-jar=/usr/share/java/eclipse-ecj.jar --enable-objc-gc --enable-multiarch --disable-werror --with-arch-32=i686 --with-abi=m64 --with-multilib-list=m32,m64,mx32 --enable-multilib --with-tune=generic --enable-checking=release --build=x86_64-linux-gnu --host=x86_64-linux-gnu --target=x86_64-linux-gnu]
  ignore line: [Thread model: posix]
  ignore line: [gcc version 5.4.0 20160609 (Ubuntu 5.4.0-6ubuntu1~16.04.4) ]
  ignore line: [COMPILER_PATH=/usr/lib/gcc/x86_64-linux-gnu/5/:/usr/lib/gcc/x86_64-linux-gnu/5/:/usr/lib/gcc/x86_64-linux-gnu/:/usr/lib/gcc/x86_64-linux-gnu/5/:/usr/lib/gcc/x86_64-linux-gnu/]
  ignore line: [LIBRARY_PATH=/usr/lib/gcc/x86_64-linux-gnu/5/:/usr/lib/gcc/x86_64-linux-gnu/5/../../../x86_64-linux-gnu/:/usr/lib/gcc/x86_64-linux-gnu/5/../../../../lib/:/lib/x86_64-linux-gnu/:/lib/../lib/:/usr/lib/x86_64-linux-gnu/:/usr/lib/../lib/:/usr/lib/gcc/x86_64-linux-gnu/5/../../../:/lib/:/usr/lib/]
  ignore line: [COLLECT_GCC_OPTIONS='-v' '-rdynamic' '-o' 'cmTC_8f962' '-mtune=generic' '-march=x86-64']
  link line: [ /usr/lib/gcc/x86_64-linux-gnu/5/collect2 -plugin /usr/lib/gcc/x86_64-linux-gnu/5/liblto_plugin.so -plugin-opt=/usr/lib/gcc/x86_64-linux-gnu/5/lto-wrapper -plugin-opt=-fresolution=/tmp/ccEIu30W.res -plugin-opt=-pass-through=-lgcc -plugin-opt=-pass-through=-lgcc_s -plugin-opt=-pass-through=-lc -plugin-opt=-pass-through=-lgcc -plugin-opt=-pass-through=-lgcc_s --sysroot=/ --build-id --eh-frame-hdr -m elf_x86_64 --hash-style=gnu --as-needed -export-dynamic -dynamic-linker /lib64/ld-linux-x86-64.so.2 -z relro -o cmTC_8f962 /usr/lib/gcc/x86_64-linux-gnu/5/../../../x86_64-linux-gnu/crt1.o /usr/lib/gcc/x86_64-linux-gnu/5/../../../x86_64-linux-gnu/crti.o /usr/lib/gcc/x86_64-linux-gnu/5/crtbegin.o -L/usr/lib/gcc/x86_64-linux-gnu/5 -L/usr/lib/gcc/x86_64-linux-gnu/5/../../../x86_64-linux-gnu -L/usr/lib/gcc/x86_64-linux-gnu/5/../../../../lib -L/lib/x86_64-linux-gnu -L/lib/../lib -L/usr/lib/x86_64-linux-gnu -L/usr/lib/../lib -L/usr/lib/gcc/x86_64-linux-gnu/5/../../.. CMakeFiles/cmTC_8f962.dir/CMakeCCompilerABI.c.o -lgcc --as-needed -lgcc_s --no-as-needed -lc -lgcc --as-needed -lgcc_s --no-as-needed /usr/lib/gcc/x86_64-linux-gnu/5/crtend.o /usr/lib/gcc/x86_64-linux-gnu/5/../../../x86_64-linux-gnu/crtn.o]
    arg [/usr/lib/gcc/x86_64-linux-gnu/5/collect2] ==> ignore
    arg [-plugin] ==> ignore
    arg [/usr/lib/gcc/x86_64-linux-gnu/5/liblto_plugin.so] ==> ignore
    arg [-plugin-opt=/usr/lib/gcc/x86_64-linux-gnu/5/lto-wrapper] ==> ignore
    arg [-plugin-opt=-fresolution=/tmp/ccEIu30W.res] ==> ignore
    arg [-plugin-opt=-pass-through=-lgcc] ==> ignore
    arg [-plugin-opt=-pass-through=-lgcc_s] ==> ignore
    arg [-plugin-opt=-pass-through=-lc] ==> ignore
    arg [-plugin-opt=-pass-through=-lgcc] ==> ignore
    arg [-plugin-opt=-pass-through=-lgcc_s] ==> ignore
    arg [--sysroot=/] ==> ignore
    arg [--build-id] ==> ignore
    arg [--eh-frame-hdr] ==> ignore
    arg [-m] ==> ignore
    arg [elf_x86_64] ==> ignore
    arg [--hash-style=gnu] ==> ignore
    arg [--as-needed] ==> ignore
    arg [-export-dynamic] ==> ignore
    arg [-dynamic-linker] ==> ignore
    arg [/lib64/ld-linux-x86-64.so.2] ==> ignore
    arg [-zrelro] ==> ignore
    arg [-o] ==> ignore
    arg [cmTC_8f962] ==> ignore
    arg [/usr/lib/gcc/x86_64-linux-gnu/5/../../../x86_64-linux-gnu/crt1.o] ==> ignore
    arg [/usr/lib/gcc/x86_64-linux-gnu/5/../../../x86_64-linux-gnu/crti.o] ==> ignore
    arg [/usr/lib/gcc/x86_64-linux-gnu/5/crtbegin.o] ==> ignore
    arg [-L/usr/lib/gcc/x86_64-linux-gnu/5] ==> dir [/usr/lib/gcc/x86_64-linux-gnu/5]
    arg [-L/usr/lib/gcc/x86_64-linux-gnu/5/../../../x86_64-linux-gnu] ==> dir [/usr/lib/gcc/x86_64-linux-gnu/5/../../../x86_64-linux-gnu]
    arg [-L/usr/lib/gcc/x86_64-linux-gnu/5/../../../../lib] ==> dir [/usr/lib/gcc/x86_64-linux-gnu/5/../../../../lib]
    arg [-L/lib/x86_64-linux-gnu] ==> dir [/lib/x86_64-linux-gnu]
    arg [-L/lib/../lib] ==> dir [/lib/../lib]
    arg [-L/usr/lib/x86_64-linux-gnu] ==> dir [/usr/lib/x86_64-linux-gnu]
    arg [-L/usr/lib/../lib] ==> dir [/usr/lib/../lib]
    arg [-L/usr/lib/gcc/x86_64-linux-gnu/5/../../..] ==> dir [/usr/lib/gcc/x86_64-linux-gnu/5/../../..]
    arg [CMakeFiles/cmTC_8f962.dir/CMakeCCompilerABI.c.o] ==> ignore
    arg [-lgcc] ==> lib [gcc]
    arg [--as-needed] ==> ignore
    arg [-lgcc_s] ==> lib [gcc_s]
    arg [--no-as-needed] ==> ignore
    arg [-lc] ==> lib [c]
    arg [-lgcc] ==> lib [gcc]
    arg [--as-needed] ==> ignore
    arg [-lgcc_s] ==> lib [gcc_s]
    arg [--no-as-needed] ==> ignore
    arg [/usr/lib/gcc/x86_64-linux-gnu/5/crtend.o] ==> ignore
    arg [/usr/lib/gcc/x86_64-linux-gnu/5/../../../x86_64-linux-gnu/crtn.o] ==> ignore
  remove lib [gcc]
  remove lib [gcc_s]
  remove lib [gcc]
  remove lib [gcc_s]
  collapse library dir [/usr/lib/gcc/x86_64-linux-gnu/5] ==> [/usr/lib/gcc/x86_64-linux-gnu/5]
  collapse library dir [/usr/lib/gcc/x86_64-linux-gnu/5/../../../x86_64-linux-gnu] ==> [/usr/lib/x86_64-linux-gnu]
  collapse library dir [/usr/lib/gcc/x86_64-linux-gnu/5/../../../../lib] ==> [/usr/lib]
  collapse library dir [/lib/x86_64-linux-gnu] ==> [/lib/x86_64-linux-gnu]
  collapse library dir [/lib/../lib] ==> [/lib]
  collapse library dir [/usr/lib/x86_64-linux-gnu] ==> [/usr/lib/x86_64-linux-gnu]
  collapse library dir [/usr/lib/../lib] ==> [/usr/lib]
  collapse library dir [/usr/lib/gcc/x86_64-linux-gnu/5/../../..] ==> [/usr/lib]
  implicit libs: [c]
  implicit dirs: [/usr/lib/gcc/x86_64-linux-gnu/5;/usr/lib/x86_64-linux-gnu;/usr/lib;/lib/x86_64-linux-gnu;/lib]
  implicit fwks: []




Detecting C [-std=c11] compiler features compiled with the following output:
Change Dir: /home/y/opencvStudy/cmake-build-debug/CMakeFiles/CMakeTmp

Run Build Command:"/usr/bin/make" "cmTC_7e91b/fast"
/usr/bin/make -f CMakeFiles/cmTC_7e91b.dir/build.make CMakeFiles/cmTC_7e91b.dir/build
make[1]: Entering directory '/home/y/opencvStudy/cmake-build-debug/CMakeFiles/CMakeTmp'
Building C object CMakeFiles/cmTC_7e91b.dir/feature_tests.c.o
/usr/bin/cc   -std=c11 -o CMakeFiles/cmTC_7e91b.dir/feature_tests.c.o   -c /home/y/opencvStudy/cmake-build-debug/CMakeFiles/feature_tests.c
Linking C executable cmTC_7e91b
/home/y/Downloads/clion-2017.2/bin/cmake/bin/cmake -E cmake_link_script CMakeFiles/cmTC_7e91b.dir/link.txt --verbose=1
/usr/bin/cc      -rdynamic CMakeFiles/cmTC_7e91b.dir/feature_tests.c.o  -o cmTC_7e91b 
make[1]: Leaving directory '/home/y/opencvStudy/cmake-build-debug/CMakeFiles/CMakeTmp'


    Feature record: C_FEATURE:1c_function_prototypes
    Feature record: C_FEATURE:1c_restrict
    Feature record: C_FEATURE:1c_static_assert
    Feature record: C_FEATURE:1c_variadic_macros


Detecting C [-std=c99] compiler features compiled with the following output:
Change Dir: /home/y/opencvStudy/cmake-build-debug/CMakeFiles/CMakeTmp

Run Build Command:"/usr/bin/make" "cmTC_444a3/fast"
/usr/bin/make -f CMakeFiles/cmTC_444a3.dir/build.make CMakeFiles/cmTC_444a3.dir/build
make[1]: Entering directory '/home/y/opencvStudy/cmake-build-debug/CMakeFiles/CMakeTmp'
Building C object CMakeFiles/cmTC_444a3.dir/feature_tests.c.o
/usr/bin/cc   -std=c99 -o CMakeFiles/cmTC_444a3.dir/feature_tests.c.o   -c /home/y/opencvStudy/cmake-build-debug/CMakeFiles/feature_tests.c
Linking C executable cmTC_444a3
/home/y/Downloads/clion-2017.2/bin/cmake/bin/cmake -E cmake_link_script CMakeFiles/cmTC_444a3.dir/link.txt --verbose=1
/usr/bin/cc      -rdynamic CMakeFiles/cmTC_444a3.dir/feature_tests.c.o  -o cmTC_444a3 
make[1]: Leaving directory '/home/y/opencvStudy/cmake-build-debug/CMakeFiles/CMakeTmp'


    Feature record: C_FEATURE:1c_function_prototypes
    Feature record: C_FEATURE:1c_restrict
    Feature record: C_FEATURE:0c_static_assert
    Feature record: C_FEATURE:1c_variadic_macros


Detecting C [-std=c90] compiler features compiled with the following output:
Change Dir: /home/y/opencvStudy/cmake-build-debug/CMakeFiles/CMakeTmp

Run Build Command:"/usr/bin/make" "cmTC_9a765/fast"
/usr/bin/make -f CMakeFiles/cmTC_9a765.dir/build.make CMakeFiles/cmTC_9a765.dir/build
make[1]: Entering directory '/home/y/opencvStudy/cmake-build-debug/CMakeFiles/CMakeTmp'
Building C object CMakeFiles/cmTC_9a765.dir/feature_tests.c.o
/usr/bin/cc   -std=c90 -o CMakeFiles/cmTC_9a765.dir/feature_tests.c.o   -c /home/y/opencvStudy/cmake-build-debug/CMakeFiles/feature_tests.c
Linking C executable cmTC_9a765
/home/y/Downloads/clion-2017.2/bin/cmake/bin/cmake -E cmake_link_script CMakeFiles/cmTC_9a765.dir/link.txt --verbose=1
/usr/bin/cc      -rdynamic CMakeFiles/cmTC_9a765.dir/feature_tests.c.o  -o cmTC_9a765 
make[1]: Leaving directory '/home/y/opencvStudy/cmake-build-debug/CMakeFiles/CMakeTmp'


    Feature record: C_FEATURE:1c_function_prototypes
    Feature record: C_FEATURE:0c_restrict
    Feature record: C_FEATURE:0c_static_assert
    Feature record: C_FEATURE:0c_variadic_macros
Determining if the CXX compiler works passed with the following output:
Change Dir: /home/y/opencvStudy/cmake-build-debug/CMakeFiles/CMakeTmp

Run Build Command:"/usr/bin/make" "cmTC_4ac07/fast"
/usr/bin/make -f CMakeFiles/cmTC_4ac07.dir/build.make CMakeFiles/cmTC_4ac07.dir/build
make[1]: Entering directory '/home/y/opencvStudy/cmake-build-debug/CMakeFiles/CMakeTmp'
Building CXX object CMakeFiles/cmTC_4ac07.dir/testCXXCompiler.cxx.o
/usr/bin/c++     -o CMakeFiles/cmTC_4ac07.dir/testCXXCompiler.cxx.o -c /home/y/opencvStudy/cmake-build-debug/CMakeFiles/CMakeTmp/testCXXCompiler.cxx
Linking CXX executable cmTC_4ac07
/home/y/Downloads/clion-2017.2/bin/cmake/bin/cmake -E cmake_link_script CMakeFiles/cmTC_4ac07.dir/link.txt --verbose=1
/usr/bin/c++       -rdynamic CMakeFiles/cmTC_4ac07.dir/testCXXCompiler.cxx.o  -o cmTC_4ac07 
make[1]: Leaving directory '/home/y/opencvStudy/cmake-build-debug/CMakeFiles/CMakeTmp'


Detecting CXX compiler ABI info compiled with the following output:
Change Dir: /home/y/opencvStudy/cmake-build-debug/CMakeFiles/CMakeTmp

Run Build Command:"/usr/bin/make" "cmTC_b49da/fast"
/usr/bin/make -f CMakeFiles/cmTC_b49da.dir/build.make CMakeFiles/cmTC_b49da.dir/build
make[1]: Entering directory '/home/y/opencvStudy/cmake-build-debug/CMakeFiles/CMakeTmp'
Building CXX object CMakeFiles/cmTC_b49da.dir/CMakeCXXCompilerABI.cpp.o
/usr/bin/c++     -o CMakeFiles/cmTC_b49da.dir/CMakeCXXCompilerABI.cpp.o -c /home/y/Downloads/clion-2017.2/bin/cmake/share/cmake-3.8/Modules/CMakeCXXCompilerABI.cpp
Linking CXX executable cmTC_b49da
/home/y/Downloads/clion-2017.2/bin/cmake/bin/cmake -E cmake_link_script CMakeFiles/cmTC_b49da.dir/link.txt --verbose=1
/usr/bin/c++      -v -rdynamic CMakeFiles/cmTC_b49da.dir/CMakeCXXCompilerABI.cpp.o  -o cmTC_b49da 
Using built-in specs.
COLLECT_GCC=/usr/bin/c++
COLLECT_LTO_WRAPPER=/usr/lib/gcc/x86_64-linux-gnu/5/lto-wrapper
Target: x86_64-linux-gnu
Configured with: ../src/configure -v --with-pkgversion='Ubuntu 5.4.0-6ubuntu1~16.04.4' --with-bugurl=file:///usr/share/doc/gcc-5/README.Bugs --enable-languages=c,ada,c++,java,go,d,fortran,objc,obj-c++ --prefix=/usr --program-suffix=-5 --enable-shared --enable-linker-build-id --libexecdir=/usr/lib --without-included-gettext --enable-threads=posix --libdir=/usr/lib --enable-nls --with-sysroot=/ --enable-clocale=gnu --enable-libstdcxx-debug --enable-libstdcxx-time=yes --with-default-libstdcxx-abi=new --enable-gnu-unique-object --disable-vtable-verify --enable-libmpx --enable-plugin --with-system-zlib --disable-browser-plugin --enable-java-awt=gtk --enable-gtk-cairo --with-java-home=/usr/lib/jvm/java-1.5.0-gcj-5-amd64/jre --enable-java-home --with-jvm-root-dir=/usr/lib/jvm/java-1.5.0-gcj-5-amd64 --with-jvm-jar-dir=/usr/lib/jvm-exports/java-1.5.0-gcj-5-amd64 --with-arch-directory=amd64 --with-ecj-jar=/usr/share/java/eclipse-ecj.jar --enable-objc-gc --enable-multiarch --disable-werror --with-arch-32=i686 --with-abi=m64 --with-multilib-list=m32,m64,mx32 --enable-multilib --with-tune=generic --enable-checking=release --build=x86_64-linux-gnu --host=x86_64-linux-gnu --target=x86_64-linux-gnu
Thread model: posix
gcc version 5.4.0 20160609 (Ubuntu 5.4.0-6ubuntu1~16.04.4) 
COMPILER_PATH=/usr/lib/gcc/x86_64-linux-gnu/5/:/usr/lib/gcc/x86_64-linux-gnu/5/:/usr/lib/gcc/x86_64-linux-gnu/:/usr/lib/gcc/x86_64-linux-gnu/5/:/usr/lib/gcc/x86_64-linux-gnu/
LIBRARY_PATH=/usr/lib/gcc/x86_64-linux-gnu/5/:/usr/lib/gcc/x86_64-linux-gnu/5/../../../x86_64-linux-gnu/:/usr/lib/gcc/x86_64-linux-gnu/5/../../../../lib/:/lib/x86_64-linux-gnu/:/lib/../lib/:/usr/lib/x86_64-linux-gnu/:/usr/lib/../lib/:/usr/lib/gcc/x86_64-linux-gnu/5/../../../:/lib/:/usr/lib/
COLLECT_GCC_OPTIONS='-v' '-rdynamic' '-o' 'cmTC_b49da' '-shared-libgcc' '-mtune=generic' '-march=x86-64'
 /usr/lib/gcc/x86_64-linux-gnu/5/collect2 -plugin /usr/lib/gcc/x86_64-linux-gnu/5/liblto_plugin.so -plugin-opt=/usr/lib/gcc/x86_64-linux-gnu/5/lto-wrapper -plugin-opt=-fresolution=/tmp/cc0xolLC.res -plugin-opt=-pass-through=-lgcc_s -plugin-opt=-pass-through=-lgcc -plugin-opt=-pass-through=-lc -plugin-opt=-pass-through=-lgcc_s -plugin-opt=-pass-through=-lgcc --sysroot=/ --build-id --eh-frame-hdr -m elf_x86_64 --hash-style=gnu --as-needed -export-dynamic -dynamic-linker /lib64/ld-linux-x86-64.so.2 -z relro -o cmTC_b49da /usr/lib/gcc/x86_64-linux-gnu/5/../../../x86_64-linux-gnu/crt1.o /usr/lib/gcc/x86_64-linux-gnu/5/../../../x86_64-linux-gnu/crti.o /usr/lib/gcc/x86_64-linux-gnu/5/crtbegin.o -L/usr/lib/gcc/x86_64-linux-gnu/5 -L/usr/lib/gcc/x86_64-linux-gnu/5/../../../x86_64-linux-gnu -L/usr/lib/gcc/x86_64-linux-gnu/5/../../../../lib -L/lib/x86_64-linux-gnu -L/lib/../lib -L/usr/lib/x86_64-linux-gnu -L/usr/lib/../lib -L/usr/lib/gcc/x86_64-linux-gnu/5/../../.. CMakeFiles/cmTC_b49da.dir/CMakeCXXCompilerABI.cpp.o -lstdc++ -lm -lgcc_s -lgcc -lc -lgcc_s -lgcc /usr/lib/gcc/x86_64-linux-gnu/5/crtend.o /usr/lib/gcc/x86_64-linux-gnu/5/../../../x86_64-linux-gnu/crtn.o
make[1]: Leaving directory '/home/y/opencvStudy/cmake-build-debug/CMakeFiles/CMakeTmp'


Parsed CXX implicit link information from above output:
  link line regex: [^( *|.*[/\])(ld|([^/\]+-)?ld|collect2)[^/\]*( |$)]
  ignore line: [Change Dir: /home/y/opencvStudy/cmake-build-debug/CMakeFiles/CMakeTmp]
  ignore line: []
  ignore line: [Run Build Command:"/usr/bin/make" "cmTC_b49da/fast"]
  ignore line: [/usr/bin/make -f CMakeFiles/cmTC_b49da.dir/build.make CMakeFiles/cmTC_b49da.dir/build]
  ignore line: [make[1]: Entering directory '/home/y/opencvStudy/cmake-build-debug/CMakeFiles/CMakeTmp']
  ignore line: [Building CXX object CMakeFiles/cmTC_b49da.dir/CMakeCXXCompilerABI.cpp.o]
  ignore line: [/usr/bin/c++     -o CMakeFiles/cmTC_b49da.dir/CMakeCXXCompilerABI.cpp.o -c /home/y/Downloads/clion-2017.2/bin/cmake/share/cmake-3.8/Modules/CMakeCXXCompilerABI.cpp]
  ignore line: [Linking CXX executable cmTC_b49da]
  ignore line: [/home/y/Downloads/clion-2017.2/bin/cmake/bin/cmake -E cmake_link_script CMakeFiles/cmTC_b49da.dir/link.txt --verbose=1]
  ignore line: [/usr/bin/c++      -v -rdynamic CMakeFiles/cmTC_b49da.dir/CMakeCXXCompilerABI.cpp.o  -o cmTC_b49da ]
  ignore line: [Using built-in specs.]
  ignore line: [COLLECT_GCC=/usr/bin/c++]
  ignore line: [COLLECT_LTO_WRAPPER=/usr/lib/gcc/x86_64-linux-gnu/5/lto-wrapper]
  ignore line: [Target: x86_64-linux-gnu]
  ignore line: [Configured with: ../src/configure -v --with-pkgversion='Ubuntu 5.4.0-6ubuntu1~16.04.4' --with-bugurl=file:///usr/share/doc/gcc-5/README.Bugs --enable-languages=c,ada,c++,java,go,d,fortran,objc,obj-c++ --prefix=/usr --program-suffix=-5 --enable-shared --enable-linker-build-id --libexecdir=/usr/lib --without-included-gettext --enable-threads=posix --libdir=/usr/lib --enable-nls --with-sysroot=/ --enable-clocale=gnu --enable-libstdcxx-debug --enable-libstdcxx-time=yes --with-default-libstdcxx-abi=new --enable-gnu-unique-object --disable-vtable-verify --enable-libmpx --enable-plugin --with-system-zlib --disable-browser-plugin --enable-java-awt=gtk --enable-gtk-cairo --with-java-home=/usr/lib/jvm/java-1.5.0-gcj-5-amd64/jre --enable-java-home --with-jvm-root-dir=/usr/lib/jvm/java-1.5.0-gcj-5-amd64 --with-jvm-jar-dir=/usr/lib/jvm-exports/java-1.5.0-gcj-5-amd64 --with-arch-directory=amd64 --with-ecj-jar=/usr/share/java/eclipse-ecj.jar --enable-objc-gc --enable-multiarch --disable-werror --with-arch-32=i686 --with-abi=m64 --with-multilib-list=m32,m64,mx32 --enable-multilib --with-tune=generic --enable-checking=release --build=x86_64-linux-gnu --host=x86_64-linux-gnu --target=x86_64-linux-gnu]
  ignore line: [Thread model: posix]
  ignore line: [gcc version 5.4.0 20160609 (Ubuntu 5.4.0-6ubuntu1~16.04.4) ]
  ignore line: [COMPILER_PATH=/usr/lib/gcc/x86_64-linux-gnu/5/:/usr/lib/gcc/x86_64-linux-gnu/5/:/usr/lib/gcc/x86_64-linux-gnu/:/usr/lib/gcc/x86_64-linux-gnu/5/:/usr/lib/gcc/x86_64-linux-gnu/]
  ignore line: [LIBRARY_PATH=/usr/lib/gcc/x86_64-linux-gnu/5/:/usr/lib/gcc/x86_64-linux-gnu/5/../../../x86_64-linux-gnu/:/usr/lib/gcc/x86_64-linux-gnu/5/../../../../lib/:/lib/x86_64-linux-gnu/:/lib/../lib/:/usr/lib/x86_64-linux-gnu/:/usr/lib/../lib/:/usr/lib/gcc/x86_64-linux-gnu/5/../../../:/lib/:/usr/lib/]
  ignore line: [COLLECT_GCC_OPTIONS='-v' '-rdynamic' '-o' 'cmTC_b49da' '-shared-libgcc' '-mtune=generic' '-march=x86-64']
  link line: [ /usr/lib/gcc/x86_64-linux-gnu/5/collect2 -plugin /usr/lib/gcc/x86_64-linux-gnu/5/liblto_plugin.so -plugin-opt=/usr/lib/gcc/x86_64-linux-gnu/5/lto-wrapper -plugin-opt=-fresolution=/tmp/cc0xolLC.res -plugin-opt=-pass-through=-lgcc_s -plugin-opt=-pass-through=-lgcc -plugin-opt=-pass-through=-lc -plugin-opt=-pass-through=-lgcc_s -plugin-opt=-pass-through=-lgcc --sysroot=/ --build-id --eh-frame-hdr -m elf_x86_64 --hash-style=gnu --as-needed -export-dynamic -dynamic-linker /lib64/ld-linux-x86-64.so.2 -z relro -o cmTC_b49da /usr/lib/gcc/x86_64-linux-gnu/5/../../../x86_64-linux-gnu/crt1.o /usr/lib/gcc/x86_64-linux-gnu/5/../../../x86_64-linux-gnu/crti.o /usr/lib/gcc/x86_64-linux-gnu/5/crtbegin.o -L/usr/lib/gcc/x86_64-linux-gnu/5 -L/usr/lib/gcc/x86_64-linux-gnu/5/../../../x86_64-linux-gnu -L/usr/lib/gcc/x86_64-linux-gnu/5/../../../../lib -L/lib/x86_64-linux-gnu -L/lib/../lib -L/usr/lib/x86_64-linux-gnu -L/usr/lib/../lib -L/usr/lib/gcc/x86_64-linux-gnu/5/../../.. CMakeFiles/cmTC_b49da.dir/CMakeCXXCompilerABI.cpp.o -lstdc++ -lm -lgcc_s -lgcc -lc -lgcc_s -lgcc /usr/lib/gcc/x86_64-linux-gnu/5/crtend.o /usr/lib/gcc/x86_64-linux-gnu/5/../../../x86_64-linux-gnu/crtn.o]
    arg [/usr/lib/gcc/x86_64-linux-gnu/5/collect2] ==> ignore
    arg [-plugin] ==> ignore
    arg [/usr/lib/gcc/x86_64-linux-gnu/5/liblto_plugin.so] ==> ignore
    arg [-plugin-opt=/usr/lib/gcc/x86_64-linux-gnu/5/lto-wrapper] ==> ignore
    arg [-plugin-opt=-fresolution=/tmp/cc0xolLC.res] ==> ignore
    arg [-plugin-opt=-pass-through=-lgcc_s] ==> ignore
    arg [-plugin-opt=-pass-through=-lgcc] ==> ignore
    arg [-plugin-opt=-pass-through=-lc] ==> ignore
    arg [-plugin-opt=-pass-through=-lgcc_s] ==> ignore
    arg [-plugin-opt=-pass-through=-lgcc] ==> ignore
    arg [--sysroot=/] ==> ignore
    arg [--build-id] ==> ignore
    arg [--eh-frame-hdr] ==> ignore
    arg [-m] ==> ignore
    arg [elf_x86_64] ==> ignore
    arg [--hash-style=gnu] ==> ignore
    arg [--as-needed] ==> ignore
    arg [-export-dynamic] ==> ignore
    arg [-dynamic-linker] ==> ignore
    arg [/lib64/ld-linux-x86-64.so.2] ==> ignore
    arg [-zrelro] ==> ignore
    arg [-o] ==> ignore
    arg [cmTC_b49da] ==> ignore
    arg [/usr/lib/gcc/x86_64-linux-gnu/5/../../../x86_64-linux-gnu/crt1.o] ==> ignore
    arg [/usr/lib/gcc/x86_64-linux-gnu/5/../../../x86_64-linux-gnu/crti.o] ==> ignore
    arg [/usr/lib/gcc/x86_64-linux-gnu/5/crtbegin.o] ==> ignore
    arg [-L/usr/lib/gcc/x86_64-linux-gnu/5] ==> dir [/usr/lib/gcc/x86_64-linux-gnu/5]
    arg [-L/usr/lib/gcc/x86_64-linux-gnu/5/../../../x86_64-linux-gnu] ==> dir [/usr/lib/gcc/x86_64-linux-gnu/5/../../../x86_64-linux-gnu]
    arg [-L/usr/lib/gcc/x86_64-linux-gnu/5/../../../../lib] ==> dir [/usr/lib/gcc/x86_64-linux-gnu/5/../../../../lib]
    arg [-L/lib/x86_64-linux-gnu] ==> dir [/lib/x86_64-linux-gnu]
    arg [-L/lib/../lib] ==> dir [/lib/../lib]
    arg [-L/usr/lib/x86_64-linux-gnu] ==> dir [/usr/lib/x86_64-linux-gnu]
    arg [-L/usr/lib/../lib] ==> dir [/usr/lib/../lib]
    arg [-L/usr/lib/gcc/x86_64-linux-gnu/5/../../..] ==> dir [/usr/lib/gcc/x86_64-linux-gnu/5/../../..]
    arg [CMakeFiles/cmTC_b49da.dir/CMakeCXXCompilerABI.cpp.o] ==> ignore
    arg [-lstdc++] ==> lib [stdc++]
    arg [-lm] ==> lib [m]
    arg [-lgcc_s] ==> lib [gcc_s]
    arg [-lgcc] ==> lib [gcc]
    arg [-lc] ==> lib [c]
    arg [-lgcc_s] ==> lib [gcc_s]
    arg [-lgcc] ==> lib [gcc]
    arg [/usr/lib/gcc/x86_64-linux-gnu/5/crtend.o] ==> ignore
    arg [/usr/lib/gcc/x86_64-linux-gnu/5/../../../x86_64-linux-gnu/crtn.o] ==> ignore
  remove lib [gcc_s]
  remove lib [gcc]
  remove lib [gcc_s]
  remove lib [gcc]
  collapse library dir [/usr/lib/gcc/x86_64-linux-gnu/5] ==> [/usr/lib/gcc/x86_64-linux-gnu/5]
  collapse library dir [/usr/lib/gcc/x86_64-linux-gnu/5/../../../x86_64-linux-gnu] ==> [/usr/lib/x86_64-linux-gnu]
  collapse library dir [/usr/lib/gcc/x86_64-linux-gnu/5/../../../../lib] ==> [/usr/lib]
  collapse library dir [/lib/x86_64-linux-gnu] ==> [/lib/x86_64-linux-gnu]
  collapse library dir [/lib/../lib] ==> [/lib]
  collapse library dir [/usr/lib/x86_64-linux-gnu] ==> [/usr/lib/x86_64-linux-gnu]
  collapse library dir [/usr/lib/../lib] ==> [/usr/lib]
  collapse library dir [/usr/lib/gcc/x86_64-linux-gnu/5/../../..] ==> [/usr/lib]
  implicit libs: [stdc++;m;c]
  implicit dirs: [/usr/lib/gcc/x86_64-linux-gnu/5;/usr/lib/x86_64-linux-gnu;/usr/lib;/lib/x86_64-linux-gnu;/lib]
  implicit fwks: []




Detecting CXX [-std=c++1z] compiler features compiled with the following output:
Change Dir: /home/y/opencvStudy/cmake-build-debug/CMakeFiles/CMakeTmp

Run Build Command:"/usr/bin/make" "cmTC_d1ebe/fast"
/usr/bin/make -f CMakeFiles/cmTC_d1ebe.dir/build.make CMakeFiles/cmTC_d1ebe.dir/build
make[1]: Entering directory '/home/y/opencvStudy/cmake-build-debug/CMakeFiles/CMakeTmp'
Building CXX object CMakeFiles/cmTC_d1ebe.dir/feature_tests.cxx.o
/usr/bin/c++    -std=c++1z -o CMakeFiles/cmTC_d1ebe.dir/feature_tests.cxx.o -c /home/y/opencvStudy/cmake-build-debug/CMakeFiles/feature_tests.cxx
Linking CXX executable cmTC_d1ebe
/home/y/Downloads/clion-2017.2/bin/cmake/bin/cmake -E cmake_link_script CMakeFiles/cmTC_d1ebe.dir/link.txt --verbose=1
/usr/bin/c++       -rdynamic CMakeFiles/cmTC_d1ebe.dir/feature_tests.cxx.o  -o cmTC_d1ebe 
make[1]: Leaving directory '/home/y/opencvStudy/cmake-build-debug/CMakeFiles/CMakeTmp'


    Feature record: CXX_FEATURE:1cxx_aggregate_default_initializers
    Feature record: CXX_FEATURE:1cxx_alias_templates
    Feature record: CXX_FEATURE:1cxx_alignas
    Feature record: CXX_FEATURE:1cxx_alignof
    Feature record: CXX_FEATURE:1cxx_attributes
    Feature record: CXX_FEATURE:1cxx_attribute_deprecated
    Feature record: CXX_FEATURE:1cxx_auto_type
    Feature record: CXX_FEATURE:1cxx_binary_literals
    Feature record: CXX_FEATURE:1cxx_constexpr
    Feature record: CXX_FEATURE:1cxx_contextual_conversions
    Feature record: CXX_FEATURE:1cxx_decltype
    Feature record: CXX_FEATURE:1cxx_decltype_auto
    Feature record: CXX_FEATURE:1cxx_decltype_incomplete_return_types
    Feature record: CXX_FEATURE:1cxx_default_function_template_args
    Feature record: CXX_FEATURE:1cxx_defaulted_functions
    Feature record: CXX_FEATURE:1cxx_defaulted_move_initializers
    Feature record: CXX_FEATURE:1cxx_delegating_constructors
    Feature record: CXX_FEATURE:1cxx_deleted_functions
    Feature record: CXX_FEATURE:1cxx_digit_separators
    Feature record: CXX_FEATURE:1cxx_enum_forward_declarations
    Feature record: CXX_FEATURE:1cxx_explicit_conversions
    Feature record: CXX_FEATURE:1cxx_extended_friend_declarations
    Feature record: CXX_FEATURE:1cxx_extern_templates
    Feature record: CXX_FEATURE:1cxx_final
    Feature record: CXX_FEATURE:1cxx_func_identifier
    Feature record: CXX_FEATURE:1cxx_generalized_initializers
    Feature record: CXX_FEATURE:1cxx_generic_lambdas
    Feature record: CXX_FEATURE:1cxx_inheriting_constructors
    Feature record: CXX_FEATURE:1cxx_inline_namespaces
    Feature record: CXX_FEATURE:1cxx_lambdas
    Feature record: CXX_FEATURE:1cxx_lambda_init_captures
    Feature record: CXX_FEATURE:1cxx_local_type_template_args
    Feature record: CXX_FEATURE:1cxx_long_long_type
    Feature record: CXX_FEATURE:1cxx_noexcept
    Feature record: CXX_FEATURE:1cxx_nonstatic_member_init
    Feature record: CXX_FEATURE:1cxx_nullptr
    Feature record: CXX_FEATURE:1cxx_override
    Feature record: CXX_FEATURE:1cxx_range_for
    Feature record: CXX_FEATURE:1cxx_raw_string_literals
    Feature record: CXX_FEATURE:1cxx_reference_qualified_functions
    Feature record: CXX_FEATURE:1cxx_relaxed_constexpr
    Feature record: CXX_FEATURE:1cxx_return_type_deduction
   <?xml version="1.0" encoding="UTF-8" standalone="no"?>
<?validation-md5-digest 8920b72ca73bf28fd1aac5d1b5ab1bf4?>
<worksheet version="3.0.3" xmlns="http://schemas.mathsoft.com/worksheet30" xmlns:xsi="http://www.w3.org/2001/XMLSchema-instance" xmlns:ws="http://schemas.mathsoft.com/worksheet30" xmlns:ml="http://schemas.mathsoft.com/math30" xmlns:u="http://schemas.mathsoft.com/units10" xmlns:p="http://schemas.mathsoft.com/provenance10" xmlns:prd="http://schemas.mathsoft.com/point-release-data">
	<pointReleaseData/>
	<metadata>
		<generator>Mathcad Professional 14.0</generator>
		<userData>
			<title/>
			<description/>
			<author>Users</author>
			<company>Parametric Technology Corporation</company>
			<keywords/>
			<revisedBy>Users</revisedBy>
		</userData>
		<identityInfo>
			<revision>1</revision>
			<documentID>CE6464D4-6DC3-4942-9F87-080FF04A0869</documentID>
			<versionID>5B25D450-4C9B-4FA7-AB50-088ACA5111C0</versionID>
			<parentVersionID>00000000-0000-0000-0000-000000000000</parentVersionID>
			<branchID>00000000-0000-0000-0000-000000000000</branchID>
		</identityInfo>
	</metadata>
	<settings>
		<presentation>
			<textRendering>
				<textStyles>
					<textStyle name="普通">
						<blockAttr margin-left="0" margin-right="0" text-indent="inherit" text-align="left" list-style-type="inherit" tabs="inherit"/>
						<inlineAttr font-family="宋体" font-charset="134" font-size="10" font-weight="normal" font-style="normal" underline="false" line-through="false" vertical-align="baseline"/>
					</textStyle>
					<textStyle name="标题 1">
						<blockAttr margin-left="0" margin-right="0" text-indent="inherit" text-align="left" list-style-type="inherit" tabs="inherit"/>
						<inlineAttr font-family="宋体" font-charset="134" font-size="14" font-weight="bold" font-style="normal" underline="false" line-through="false" vertical-align="baseline"/>
					</textStyle>
					<textStyle name="标题 2">
						<blockAttr margin-left="0" margin-right="0" text-indent="inherit" text-align="left" list-style-type="inherit" tabs="inherit"/>
						<inlineAttr font-family="宋体" font-charset="134" font-size="12" font-weight="bold" font-style="italic" underline="false" line-through="false" vertical-align="baseline"/>
					</textStyle>
					<textStyle name="标题 3">
						<blockAttr margin-left="0" margin-right="0" text-indent="inherit" text-align="left" list-style-type="inherit" tabs="inherit"/>
						<inlineAttr font-family="宋体" font-charset="134" font-size="12" font-weight="normal" font-style="normal" underline="false" line-through="false" vertical-align="baseline"/>
					</textStyle>
					<textStyle name="段落">
						<blockAttr margin-left="0" margin-right="0" text-indent="21" text-align="left" list-style-type="inherit" tabs="inherit"/>
						<inlineAttr font-family="宋体" font-charset="134" font-size="10" font-weight="normal" font-style="normal" underline="false" line-through="false" vertical-align="baseline"/>
					</textStyle>
					<textStyle name="列表">
						<blockAttr margin-left="14.25" margin-right="0" text-indent="-14.25" text-align="left" list-style-type="inherit" tabs="inherit"/>
						<inlineAttr font-family="宋体" font-charset="134" font-size="10" font-weight="normal" font-style="normal" underline="false" line-through="false" vertical-align="baseline"/>
					</textStyle>
					<textStyle name="缩进">
						<blockAttr margin-left="108" margin-right="0" text-indent="inherit" text-align="left" list-style-type="inherit" tabs="inherit"/>
						<inlineAttr font-family="宋体" font-charset="134" font-size="10" font-weight="normal" font-style="normal" underline="false" line-through="false" vertical-align="baseline"/>
					</textStyle>
					<textStyle name="标题">
						<blockAttr margin-left="0" margin-right="0" text-indent="inherit" text-align="center" list-style-type="inherit" tabs="inherit"/>
						<inlineAttr font-family="宋体" font-charset="134" font-size="24" font-weight="bold" font-style="normal" underline="false" line-through="false" vertical-align="baseline"/>
					</textStyle>
					<textStyle name="副标题" base-style="标题">
						<blockAttr margin-left="0" margin-right="0" text-indent="inherit" text-align="center" list-style-type="inherit" tabs="inherit"/>
						<inlineAttr font-family="宋体" font-charset="134" font-size="18" font-weight="normal" font-style="normal" underline="false" line-through="false" vertical-align="baseline"/>
					</textStyle>
				</textStyles>
			</textRendering>
			<mathRendering equation-color="#000">
				<operators multiplication="narrow-dot" derivative="derivative" literal-subscript="large" definition="colon-equal" global-definition="triple-equal" local-definition="left-arrow" equality="bold-equal" symbolic-evaluation="right-arrow"/>
				<mathStyles>
					<mathStyle name="变量" font-family="宋体" font-charset="134" font-size="10" font-weight="normal" font-style="normal" underline="false"/>
					<mathStyle name="常量" font-family="宋体" font-charset="134" font-size="10" font-weight="normal" font-style="normal" underline="false"/>
					<mathStyle name="用户 1" font-family="宋体" font-charset="134" font-size="10" font-weight="normal" font-style="normal" underline="false"/>
					<mathStyle name="用户 2" font-family="宋体" font-charset="134" font-size="10" font-weight="normal" font-style="normal" underline="false"/>
					<mathStyle name="用户 3" font-family="宋体" font-charset="134" font-size="10" font-weight="bold" font-style="normal" underline="false"/>
					<mathStyle name="用户 4" font-family="宋体" font-charset="134" font-size="10" font-weight="normal" font-style="italic" underline="false"/>
					<mathStyle name="用户 5" font-family="宋体" font-charset="134" font-size="10" font-weight="normal" font-style="normal" underline="false"/>
					<mathStyle name="用户 6" font-family="宋体" font-charset="134" font-size="10" font-weight="normal" font-style="normal" underline="false"/>
					<mathStyle name="用户 7" font-family="宋体" font-charset="134" font-size="10" font-weight="normal" font-style="normal" underline="false"/>
					<mathStyle name="数学文本字体" font-family="宋体" font-charset="134" font-size="14" font-weight="normal" font-style="normal" underline="false"/>
				</mathStyles>
				<dimensionNames mass="质量" length="length" time="time" current="电流" thermodynamic-temperature="temperature" luminous-intensity="luminosity" amount-of-substance="substance" display="false"/>
				<symbolics derivation-steps-style="vertical-insert" show-comments="false" evaluate-in-place="false"/>
				<results numeric-only="true">
					<general precision="3" show-trailing-zeros="false" radix="dec" complex-threshold="10" zero-threshold="15" imaginary-value="i" exponential-threshold="3"/>
					<matrix display-style="auto" expand-nested-arrays="false"/>
					<unit format-units="true" simplify-units="true" fractional-unit-exponent="false"/>
				</results>
			</mathRendering>
			<pageModel show-page-frame="false" show-header-frame="false" show-footer-frame="false" header-footer-start-page="1" paper-code="9" orientation="portrait" print-single-page-width="false" page-width="595.5" page-height="842.25">
				<margins left="86.4" right="86.4" top="86.4" bottom="86.4"/>
				<header use-full-page-width="false"/>
				<footer use-full-page-width="false"/>
			</pageModel>
			<colorModel background-color="#fff" default-highlight-color="#ffff80"/>
			<language math="zh-Hans" UI="zh-Hans"/>
		</presentation>
		<calculation>
			<builtInVariables array-origin="0" convergence-tolerance="0.001" constraint-tolerance="0.001" random-seed="1" prn-precision="4" prn-col-width="8"/>
			<calculationBehavior automatic-recalculation="true" matrix-strict-singularity-check="true" optimize-expressions="false" exact-boolean="true" strings-use-origin="false" zero-over-zero="0">
				<compatibility multiple-assignment="MC12" local-assignment="MC12"/>
			</calculationBehavior>
			<units>
				<currentUnitSystem name="si" customized="false"/>
			</units>
		</calculation>
		<editor view-annotations="false" view-regions="false">
			<ruler is-visible="false" ruler-unit="cm"/>
			<plotTemplate>
				<xy item-idref="1"/>
			</plotTemplate>
			<grid granularity-x="6" granularity-y="6"/>
		</editor>
		<fileFormat image-type="image/png" image-quality="75" save-numeric-results="true" exclude-large-results="true" save-text-images="false" screen-dpi="96"/>
		<miscellaneous>
			<handbook handbook-region-tag-ub="307" can-delete-original-handbook-regions="true" can-delete-user-regions="true" can-print="true" can-copy="true" can-save="true" file-permission-mask="4294967295"/>
		</miscellaneous>
	</settings>
	<regions>
		<region region-id="43" left="468" top="132" width="353.25" height="237.75" align-x="468" align-y="132" show-border="false" show-highlight="false" is-protected="true" z-order="0" background-color="inherit" tag="">
			<plot disable-calc="false" item-idref="2"/>
			<rendering item-idref="3"/>
		</region>
		<region region-id="4" left="84" top="186" width="341.25" height="195.75" align-x="84" align-y="186" show-border="false" show-highlight="false" is-protected="true" z-order="0" background-color="inherit" tag="">
			<plot disable-calc="false" item-idref="4"/>
			<rendering item-idref="5"/>
		</region>
		<region region-id="38" left="204" top="429.75" width="27" height="11.25" align-x="216.75" align-y="438" show-border="false" show-highlight="false" is-protected="true" z-order="0" background-color="inherit" tag="">
			<math optimize="false" disable-calc="false">
				<ml:id xml:space="preserve" xmlns:ml="http://schemas.mathsoft.com/math30">Given</ml:id>
			</math>
			<rendering item-idref="6"/>
		</region>
		<region region-id="39" left="198" top="449.25" width="143.25" height="31.5" align-x="328.5" align-y="468" show-border="false" show-highlight="false" is-protected="true" z-order="0" background-color="inherit" tag="">
			<math optimize="false" disable-calc="false">
				<ml:apply xmlns:ml="http://schemas.mathsoft.com/math30">
					<ml:equal/>
					<ml:apply>
						<ml:plus/>
						<ml:apply>
							<ml:derivative/>
							<ml:lambda>
								<ml:boundVars>
									<ml:id xml:space="preserve">t</ml:id>
								</ml:boundVars>
								<ml:apply>
									<ml:id xml:space="preserve">x1</ml:id>
									<ml:id xml:space="preserve">t</ml:id>
								</ml:apply>
							</ml:lambda>
							<ml:degree>
								<ml:real>2</ml:real>
							</ml:degree>
						</ml:apply>
						<ml:apply>
							<ml:mult style="auto-select"/>
							<ml:real>9</ml:real>
							<ml:apply>
								<ml:id xml:space="preserve">sin</ml:id>
								<ml:apply>
									<ml:id xml:space="preserve">x1</ml:id>
									<ml:id xml:space="preserve">t</ml:id>
								</ml:apply>
							</ml:apply>
						</ml:apply>
					</ml:apply>
					<ml:real>0</ml:real>
				</ml:apply>
			</math>
			<rendering item-idref="7"/>
		</region>
		<region region-id="40" left="438" top="459.75" width="46.5" height="11.25" align-x="471.75" align-y="468" show-border="false" show-highlight="false" is-protected="true" z-order="0" background-color="inherit" tag="">
			<math optimize="false" disable-calc="false">
				<ml:apply xmlns:ml="http://schemas.mathsoft.com/math30">
					<ml:equal/>
					<ml:apply>
						<ml:id xml:space="preserve">x1</ml:id>
						<ml:real>0</ml:real>
					</ml:apply>
					<ml:real>1</ml:real>
				</ml:apply>
			</math>
			<rendering item-idref="8"/>
		</region>
		<region region-id="41" left="540" top="459.75" width="51.75" height="11.25" align-x="579" align-y="468" show-border="false" show-highlight="false" is-protected="true" z-order="0" background-color="inherit" tag="">
			<math optimize="false" disable-calc="false">
				<ml:apply xmlns:ml="http://schemas.mathsoft.com/math30">
					<ml:equal/>
					<ml:apply>
						<ml:id xml:space="preserve">x1'</ml:id>
						<ml:real>0</ml:real>
					</ml:apply>
					<ml:real>0</ml:real>
				</ml:apply>
			</math>
			<rendering item-idref="9"/>
		</region>
		<region region-id="42" left="198" top="495.75" width="113.25" height="11.25" align-x="215.25" align-y="504" show-border="false" show-highlight="false" is-protected="true" z-order="0" background-color="inherit" tag="">
			<math optimize="false" disable-calc="false">
				<ml:define xmlns:ml="http://schemas.mathsoft.com/math30">
					<ml:id xml:space="preserve">x1</ml:id>
					<ml:apply>
						<ml:Odesolve method="adams/bdf (auto)"/>
						<ml:sequence>
							<ml:id xml:space="preserve">t</ml:id>
							<ml:real>1000</ml:real>
						</ml:sequence>
					</ml:apply>
				</ml:define>
			</math>
			<rendering item-idref="10"/>
		</region>
		<region region-id="50" left="198" top="537.75" width="20.25" height="11.25" align-x="207" align-y="546" show-border="false" show-highlight="false" is-pro